<?xml version="1.0" encoding="UTF-8"?>
<!-- Generated by org.testng.reporters.JUnitReportReporter -->
<testsuite skipped="0" hostname="DESKTOP-8IQA0EJ" name="in.amazon.demo.CommonDriverTest" tests="1" failures="0" timestamp="2020-11-07T11:31:18 IST" time="20.640" errors="0">
  <testcase name="verifyCommonDriver" time="20.640" classname="in.amazon.demo.CommonDriverTest"/>
  <system-out/>
</testsuite> <!-- in.amazon.demo.CommonDriverTest -->
