<?xml version="1.0" encoding="UTF-8"?>
<!-- Generated by org.testng.reporters.JUnitReportReporter -->
<testsuite skipped="0" hostname="DESKTOP-8IQA0EJ" name="in.amazon.demo.DemoExcelDriver" tests="1" failures="0" timestamp="2020-11-09T16:00:34 IST" time="0.970" errors="0">
  <testcase name="verifyExcelDriver" time="0.970" classname="in.amazon.demo.DemoExcelDriver"/>
  <system-out/>
</testsuite> <!-- in.amazon.demo.DemoExcelDriver -->
