<?xml version="1.0" encoding="UTF-8"?>
<!-- Generated by org.testng.reporters.JUnitReportReporter -->
<testsuite skipped="1" hostname="DESKTOP-8IQA0EJ" name="in.amazon.tests.AmazonHomepageTest" tests="1" failures="0" timestamp="2020-11-09T17:39:26 IST" time="0.000" errors="0">
  <testcase name="verifySearchProduct" time="0.000" classname="in.amazon.tests.AmazonHomepageTest">
    <skipped/>
  </testcase> <!-- verifySearchProduct -->
  <system-out/>
</testsuite> <!-- in.amazon.tests.AmazonHomepageTest -->
