<?xml version="1.0" encoding="UTF-8"?>
<!-- Generated by org.testng.reporters.JUnitReportReporter -->
<testsuite skipped="0" hostname="DESKTOP-8IQA0EJ" name="in.amazon.tests.AmazonHomepageTest" tests="1" failures="0" timestamp="2020-11-07T15:32:42 IST" time="13.672" errors="0">
  <testcase name="searchProduct" time="13.672" classname="in.amazon.tests.AmazonHomepageTest"/>
  <system-out/>
</testsuite> <!-- in.amazon.tests.AmazonHomepageTest -->
